<?xml version="1.0" encoding="UTF-8"?>
<testng-results skipped="0" failed="0" ignored="0" total="1" passed="1">
  <reporter-output>
  </reporter-output>
  <suite name="Default suite" duration-ms="11048" started-at="2018-11-24T11:49:28Z" finished-at="2018-11-24T11:49:39Z">
    <groups>
    </groups>
    <test name="Default test" duration-ms="11048" started-at="2018-11-24T11:49:28Z" finished-at="2018-11-24T11:49:39Z">
      <class name="com.sgic.automation.demo.pagetests.LoginTest">
        <test-method status="PASS" signature="setUp()[pri:0, instance:com.sgic.automation.demo.pagetests.LoginTest@4667ae56]" name="setUp" is-config="true" duration-ms="8215" started-at="2018-11-24T11:49:28Z" finished-at="2018-11-24T11:49:36Z">
          <reporter-output>
          </reporter-output>
        </test-method> <!-- setUp -->
        <test-method status="PASS" signature="verifyAdminLogin()[pri:0, instance:com.sgic.automation.demo.pagetests.LoginTest@4667ae56]" name="verifyAdminLogin" duration-ms="2696" started-at="2018-11-24T11:49:36Z" finished-at="2018-11-24T11:49:38Z">
          <reporter-output>
          </reporter-output>
        </test-method> <!-- verifyAdminLogin -->
        <test-method status="PASS" signature="tearDown()[pri:0, instance:com.sgic.automation.demo.pagetests.LoginTest@4667ae56]" name="tearDown" is-config="true" duration-ms="112" started-at="2018-11-24T11:49:38Z" finished-at="2018-11-24T11:49:39Z">
          <reporter-output>
          </reporter-output>
        </test-method> <!-- tearDown -->
      </class> <!-- com.sgic.automation.demo.pagetests.LoginTest -->
    </test> <!-- Default test -->
  </suite> <!-- Default suite -->
</testng-results>
