<?xml version="1.0" encoding="UTF-8"?>
<testng-results skipped="0" failed="0" ignored="0" total="1" passed="1">
  <reporter-output>
  </reporter-output>
  <suite name="Surefire suite" duration-ms="18728" started-at="2018-11-24T07:16:40Z" finished-at="2018-11-24T07:16:59Z">
    <groups>
    </groups>
    <test name="Surefire test" duration-ms="18728" started-at="2018-11-24T07:16:40Z" finished-at="2018-11-24T07:16:59Z">
      <class name="com.sgic.automation.demo.test.LoginTest">
        <test-method status="PASS" signature="setUp()[pri:0, instance:com.sgic.automation.demo.test.LoginTest@5f2050f6]" name="setUp" is-config="true" duration-ms="1542" started-at="2018-11-24T07:16:40Z" finished-at="2018-11-24T07:16:42Z">
          <reporter-output>
          </reporter-output>
        </test-method> <!-- setUp -->
        <test-method status="PASS" signature="testUntitledTestCase()[pri:0, instance:com.sgic.automation.demo.test.LoginTest@5f2050f6]" name="testUntitledTestCase" duration-ms="17093" started-at="2018-11-24T07:16:42Z" finished-at="2018-11-24T07:16:59Z">
          <reporter-output>
          </reporter-output>
        </test-method> <!-- testUntitledTestCase -->
        <test-method status="PASS" signature="tearDown()[pri:0, instance:com.sgic.automation.demo.test.LoginTest@5f2050f6]" name="tearDown" is-config="true" duration-ms="79" started-at="2018-11-24T07:16:59Z" finished-at="2018-11-24T07:16:59Z">
          <reporter-output>
          </reporter-output>
        </test-method> <!-- tearDown -->
      </class> <!-- com.sgic.automation.demo.test.LoginTest -->
    </test> <!-- Surefire test -->
  </suite> <!-- Surefire suite -->
</testng-results>
